Size of train: 7189
Size of test: 1000
Size of test: 1000
Setting up [LPIPS] perceptual loss: trunk [alex], v[0.1], spatial [off]
Loading model from: /nas-ctm01/homes/dacordeiro/.conda/envs/demorph/lib/python3.10/site-packages/lpips/weights/v0.1/alex.pth

Metrics organized by original images:
SSIM Original: 0.6198191972788935
SSIM Added: 0.5566348682424951
PSNR Original: 17.113257983801244
PSNR Added: 17.11593575355631
LPIPS Original: 0.16475041210651398
LPIPS Added: 0.18632075190544128
Success Rate of Reversal (%S): 62.00%
Size of test: 1000
Setting up [LPIPS] perceptual loss: trunk [alex], v[0.1], spatial [off]
Loading model from: /nas-ctm01/homes/dacordeiro/.conda/envs/demorph/lib/python3.10/site-packages/lpips/weights/v0.1/alex.pth

--- One-Shot Evaluation Metrics (First Batch) ---
SSIM Original: 0.6129
SSIM Added: 0.5615
PSNR Original: 17.0951
PSNR Added: 17.1018
LPIPS Original: 0.1686
LPIPS Added: 0.1804
Success Rate of Reversal (%S): 62.11%

[1;34mwandb[0m: 
[1;34mwandb[0m: 🚀 View run [33mfaster_baseline_2[0m at: [34mhttps://wandb.ai/davcordeiro03-inesc-tec/demorph/runs/ovfhsxmu[0m
[1;34mwandb[0m: Find logs at: [1;35mwandb/run-20260307_005906-ovfhsxmu/logs[0m
