Size of train: 7189
Size of test: 1000
Size of test: 1000
Setting up [LPIPS] perceptual loss: trunk [alex], v[0.1], spatial [off]
Loading model from: /nas-ctm01/homes/dacordeiro/.conda/envs/demorph/lib/python3.10/site-packages/lpips/weights/v0.1/alex.pth

Metrics organized by original images:
SSIM Original: 0.6141600512291356
SSIM Added: 0.5529538149864602
PSNR Original: 17.10876316947295
PSNR Added: 17.10963586966409
LPIPS Original: 0.1661212295293808
LPIPS Added: 0.18652649223804474
Success Rate of Reversal (%S): 58.90%
Size of test: 1000
Setting up [LPIPS] perceptual loss: trunk [alex], v[0.1], spatial [off]
Loading model from: /nas-ctm01/homes/dacordeiro/.conda/envs/demorph/lib/python3.10/site-packages/lpips/weights/v0.1/alex.pth

--- One-Shot Evaluation Metrics (First Batch) ---
SSIM Original: 0.6038
SSIM Added: 0.5592
PSNR Original: 17.0351
PSNR Added: 17.0393
LPIPS Original: 0.1720
LPIPS Added: 0.1772
Success Rate of Reversal (%S): 56.84%

[1;34mwandb[0m: 
[1;34mwandb[0m: 🚀 View run [33mfaster_baseline[0m at: [34mhttps://wandb.ai/davcordeiro03-inesc-tec/demorph/runs/kqasf7rn[0m
[1;34mwandb[0m: Find logs at: [1;35mwandb/run-20260306_143749-kqasf7rn/logs[0m
