Size of test: 1000
Pair 0: 
  MSE (Sampled Avg vs GT Avg): 0.0002057567326119
  MSE (Sampled x_A vs GT x_A): 0.0415580980479717
  MSE (Sampled x_B vs GT x_B): 0.0402790009975433
Pair 1: 
  MSE (Sampled Avg vs GT Avg): 0.0002070767804980
  MSE (Sampled x_A vs GT x_A): 0.0247958060353994
  MSE (Sampled x_B vs GT x_B): 0.0209872685372829
Pair 2: 
  MSE (Sampled Avg vs GT Avg): 0.0002065732551273
  MSE (Sampled x_A vs GT x_A): 0.0114556960761547
  MSE (Sampled x_B vs GT x_B): 0.0115273930132389
Pair 3: 
  MSE (Sampled Avg vs GT Avg): 0.0001139873638749
  MSE (Sampled x_A vs GT x_A): 0.0064457072876394
  MSE (Sampled x_B vs GT x_B): 0.0066290255635977
Pair 4: 
  MSE (Sampled Avg vs GT Avg): 0.0002736920723692
  MSE (Sampled x_A vs GT x_A): 0.0187347792088985
  MSE (Sampled x_B vs GT x_B): 0.0184387862682343
Pair 5: 
  MSE (Sampled Avg vs GT Avg): 0.0001599626848474
  MSE (Sampled x_A vs GT x_A): 0.0321976356208324
  MSE (Sampled x_B vs GT x_B): 0.0310990661382675
Pair 6: 
  MSE (Sampled Avg vs GT Avg): 0.0003047668433283
  MSE (Sampled x_A vs GT x_A): 0.0118697462603450
  MSE (Sampled x_B vs GT x_B): 0.0145447272807360
Pair 7: 
  MSE (Sampled Avg vs GT Avg): 0.0001562994875712
  MSE (Sampled x_A vs GT x_A): 0.0104808695614338
  MSE (Sampled x_B vs GT x_B): 0.0104932207614183
Pair 8: 
  MSE (Sampled Avg vs GT Avg): 0.0001982773392228
  MSE (Sampled x_A vs GT x_A): 0.0206000208854675
  MSE (Sampled x_B vs GT x_B): 0.0223082136362791
Pair 9: 
  MSE (Sampled Avg vs GT Avg): 0.0002859352971427
  MSE (Sampled x_A vs GT x_A): 0.0198307614773512
  MSE (Sampled x_B vs GT x_B): 0.0202360432595015
Pair 10: 
  MSE (Sampled Avg vs GT Avg): 0.0002859522937797
  MSE (Sampled x_A vs GT x_A): 0.0211586169898510
  MSE (Sampled x_B vs GT x_B): 0.0233813803642988
Pair 11: 
  MSE (Sampled Avg vs GT Avg): 0.0001395740691805
  MSE (Sampled x_A vs GT x_A): 0.0127607118338346
  MSE (Sampled x_B vs GT x_B): 0.0113176591694355
Pair 12: 
  MSE (Sampled Avg vs GT Avg): 0.0001856174494606
  MSE (Sampled x_A vs GT x_A): 0.0324805080890656
  MSE (Sampled x_B vs GT x_B): 0.0327177792787552
Pair 13: 
  MSE (Sampled Avg vs GT Avg): 0.0002077336393995
  MSE (Sampled x_A vs GT x_A): 0.0114051578566432
  MSE (Sampled x_B vs GT x_B): 0.0101758856326342
Pair 14: 
  MSE (Sampled Avg vs GT Avg): 0.0002231662947452
  MSE (Sampled x_A vs GT x_A): 0.0309151764959097
  MSE (Sampled x_B vs GT x_B): 0.0299948658794165
Pair 15: 
  MSE (Sampled Avg vs GT Avg): 0.0002731735876296
  MSE (Sampled x_A vs GT x_A): 0.0202870555222034
  MSE (Sampled x_B vs GT x_B): 0.0212351121008396
Pair 16: 
  MSE (Sampled Avg vs GT Avg): 0.0002344203385292
  MSE (Sampled x_A vs GT x_A): 0.0214287787675858
  MSE (Sampled x_B vs GT x_B): 0.0211442671716213
Pair 17: 
  MSE (Sampled Avg vs GT Avg): 0.0002121925790561
  MSE (Sampled x_A vs GT x_A): 0.0407567098736763
  MSE (Sampled x_B vs GT x_B): 0.0365551523864269
Pair 18: 
  MSE (Sampled Avg vs GT Avg): 0.0002134418173227
  MSE (Sampled x_A vs GT x_A): 0.0233884267508984
  MSE (Sampled x_B vs GT x_B): 0.0216213669627905
Pair 19: 
  MSE (Sampled Avg vs GT Avg): 0.0001978062791750
  MSE (Sampled x_A vs GT x_A): 0.0168432556092739
  MSE (Sampled x_B vs GT x_B): 0.0152288032695651
Pair 20: 
  MSE (Sampled Avg vs GT Avg): 0.0003459081926849
  MSE (Sampled x_A vs GT x_A): 0.0255870874971151
  MSE (Sampled x_B vs GT x_B): 0.0294140186160803
Pair 21: 
  MSE (Sampled Avg vs GT Avg): 0.0002214519772679
  MSE (Sampled x_A vs GT x_A): 0.0062090544961393
  MSE (Sampled x_B vs GT x_B): 0.0065120961517096
Pair 22: 
  MSE (Sampled Avg vs GT Avg): 0.0000983687059488
  MSE (Sampled x_A vs GT x_A): 0.0060801431536674
  MSE (Sampled x_B vs GT x_B): 0.0065516727045178
Pair 23: 
  MSE (Sampled Avg vs GT Avg): 0.0002447727310937
  MSE (Sampled x_A vs GT x_A): 0.0221439003944397
  MSE (Sampled x_B vs GT x_B): 0.0197411682456732
Pair 24: 
  MSE (Sampled Avg vs GT Avg): 0.0001929752179421
  MSE (Sampled x_A vs GT x_A): 0.0262657143175602
  MSE (Sampled x_B vs GT x_B): 0.0273679792881012
Pair 25: 
  MSE (Sampled Avg vs GT Avg): 0.0001786828215700
  MSE (Sampled x_A vs GT x_A): 0.0330002605915070
  MSE (Sampled x_B vs GT x_B): 0.0327047482132912
Pair 26: 
  MSE (Sampled Avg vs GT Avg): 0.0001618257083464
  MSE (Sampled x_A vs GT x_A): 0.0119509948417544
  MSE (Sampled x_B vs GT x_B): 0.0115531608462334
Pair 27: 
  MSE (Sampled Avg vs GT Avg): 0.0005133165977895
  MSE (Sampled x_A vs GT x_A): 0.0130590349435806
  MSE (Sampled x_B vs GT x_B): 0.0137178450822830
Pair 28: 
  MSE (Sampled Avg vs GT Avg): 0.0002478708920535
  MSE (Sampled x_A vs GT x_A): 0.0190120749175549
  MSE (Sampled x_B vs GT x_B): 0.0187563765794039
Pair 29: 
  MSE (Sampled Avg vs GT Avg): 0.0001017196846078
  MSE (Sampled x_A vs GT x_A): 0.0088750515133142
  MSE (Sampled x_B vs GT x_B): 0.0085089802742004
Pair 30: 
  MSE (Sampled Avg vs GT Avg): 0.0001853236317402
  MSE (Sampled x_A vs GT x_A): 0.0151487085968256
  MSE (Sampled x_B vs GT x_B): 0.0159120317548513
Pair 31: 
  MSE (Sampled Avg vs GT Avg): 0.0001708939380478
  MSE (Sampled x_A vs GT x_A): 0.0154608376324177
  MSE (Sampled x_B vs GT x_B): 0.0165172554552555
Pair 32: 
  MSE (Sampled Avg vs GT Avg): 0.0003156818565913
  MSE (Sampled x_A vs GT x_A): 0.0088271228596568
  MSE (Sampled x_B vs GT x_B): 0.0077488734386861
Pair 33: 
  MSE (Sampled Avg vs GT Avg): 0.0002297327155247
  MSE (Sampled x_A vs GT x_A): 0.0375776477158070
  MSE (Sampled x_B vs GT x_B): 0.0361237376928329
Pair 34: 
  MSE (Sampled Avg vs GT Avg): 0.0002734431473073
  MSE (Sampled x_A vs GT x_A): 0.0208836644887924
  MSE (Sampled x_B vs GT x_B): 0.0200163926929235
Pair 35: 
  MSE (Sampled Avg vs GT Avg): 0.0003224632237107
  MSE (Sampled x_A vs GT x_A): 0.0237452052533627
  MSE (Sampled x_B vs GT x_B): 0.0280670281499624
Pair 36: 
  MSE (Sampled Avg vs GT Avg): 0.0002296341117471
  MSE (Sampled x_A vs GT x_A): 0.0065966080874205
  MSE (Sampled x_B vs GT x_B): 0.0075753107666969
Pair 37: 
  MSE (Sampled Avg vs GT Avg): 0.0001814823772293
  MSE (Sampled x_A vs GT x_A): 0.0316749140620232
  MSE (Sampled x_B vs GT x_B): 0.0344930402934551
Pair 38: 
  MSE (Sampled Avg vs GT Avg): 0.0002575951803010
  MSE (Sampled x_A vs GT x_A): 0.0132422205060720
  MSE (Sampled x_B vs GT x_B): 0.0140824466943741
Pair 39: 
  MSE (Sampled Avg vs GT Avg): 0.0001705018075882
  MSE (Sampled x_A vs GT x_A): 0.0431439802050591
  MSE (Sampled x_B vs GT x_B): 0.0406468510627747
Pair 40: 
  MSE (Sampled Avg vs GT Avg): 0.0003277849173173
  MSE (Sampled x_A vs GT x_A): 0.0179662872105837
  MSE (Sampled x_B vs GT x_B): 0.0199013277888298
Pair 41: 
  MSE (Sampled Avg vs GT Avg): 0.0002236744912807
  MSE (Sampled x_A vs GT x_A): 0.0098488507792354
  MSE (Sampled x_B vs GT x_B): 0.0098665310069919
Pair 42: 
  MSE (Sampled Avg vs GT Avg): 0.0003318610542919
  MSE (Sampled x_A vs GT x_A): 0.0134138744324446
  MSE (Sampled x_B vs GT x_B): 0.0140619408339262
Pair 43: 
  MSE (Sampled Avg vs GT Avg): 0.0002032034535659
  MSE (Sampled x_A vs GT x_A): 0.0086341388523579
  MSE (Sampled x_B vs GT x_B): 0.0076314429752529
Pair 44: 
  MSE (Sampled Avg vs GT Avg): 0.0002134939422831
  MSE (Sampled x_A vs GT x_A): 0.0129659464582801
  MSE (Sampled x_B vs GT x_B): 0.0137803358957171
Pair 45: 
  MSE (Sampled Avg vs GT Avg): 0.0002323783119209
  MSE (Sampled x_A vs GT x_A): 0.0419127643108368
  MSE (Sampled x_B vs GT x_B): 0.0393239334225655
Pair 46: 
  MSE (Sampled Avg vs GT Avg): 0.0002815106417984
  MSE (Sampled x_A vs GT x_A): 0.0246558934450150
  MSE (Sampled x_B vs GT x_B): 0.0236702840775251
Pair 47: 
  MSE (Sampled Avg vs GT Avg): 0.0002747058169916
  MSE (Sampled x_A vs GT x_A): 0.0167669542133808
  MSE (Sampled x_B vs GT x_B): 0.0206790976226330
Pair 48: 
  MSE (Sampled Avg vs GT Avg): 0.0001643403375056
  MSE (Sampled x_A vs GT x_A): 0.0179542656987906
  MSE (Sampled x_B vs GT x_B): 0.0183316823095083
Pair 49: 
  MSE (Sampled Avg vs GT Avg): 0.0002838848158717
  MSE (Sampled x_A vs GT x_A): 0.0092916814610362
  MSE (Sampled x_B vs GT x_B): 0.0109229749068618
Pair 50: 
  MSE (Sampled Avg vs GT Avg): 0.0002306048263563
  MSE (Sampled x_A vs GT x_A): 0.0055995150469244
  MSE (Sampled x_B vs GT x_B): 0.0063042151741683
Pair 51: 
  MSE (Sampled Avg vs GT Avg): 0.0002004354028031
  MSE (Sampled x_A vs GT x_A): 0.0254479106515646
  MSE (Sampled x_B vs GT x_B): 0.0283938553184271
Pair 52: 
  MSE (Sampled Avg vs GT Avg): 0.0002977312542498
  MSE (Sampled x_A vs GT x_A): 0.0133649539202452
  MSE (Sampled x_B vs GT x_B): 0.0153242340311408
Pair 53: 
  MSE (Sampled Avg vs GT Avg): 0.0001830627879826
  MSE (Sampled x_A vs GT x_A): 0.0101702120155096
  MSE (Sampled x_B vs GT x_B): 0.0101447254419327
Pair 54: 
  MSE (Sampled Avg vs GT Avg): 0.0003417087136768
  MSE (Sampled x_A vs GT x_A): 0.0074523091316223
  MSE (Sampled x_B vs GT x_B): 0.0066786422394216
Pair 55: 
  MSE (Sampled Avg vs GT Avg): 0.0002206747303717
  MSE (Sampled x_A vs GT x_A): 0.0098037235438824
  MSE (Sampled x_B vs GT x_B): 0.0087445322424173
Pair 56: 
  MSE (Sampled Avg vs GT Avg): 0.0001695140381344
  MSE (Sampled x_A vs GT x_A): 0.0034934997092932
  MSE (Sampled x_B vs GT x_B): 0.0034501063637435
Pair 57: 
  MSE (Sampled Avg vs GT Avg): 0.0002689448010642
  MSE (Sampled x_A vs GT x_A): 0.0248959567397833
  MSE (Sampled x_B vs GT x_B): 0.0246369950473309
Pair 58: 
  MSE (Sampled Avg vs GT Avg): 0.0003165268572047
  MSE (Sampled x_A vs GT x_A): 0.0175736844539642
  MSE (Sampled x_B vs GT x_B): 0.0195375289767981
Pair 59: 
  MSE (Sampled Avg vs GT Avg): 0.0002167739294237
  MSE (Sampled x_A vs GT x_A): 0.0055589750409126
  MSE (Sampled x_B vs GT x_B): 0.0055990871042013
Pair 60: 
  MSE (Sampled Avg vs GT Avg): 0.0001477709301980
  MSE (Sampled x_A vs GT x_A): 0.0143838627263904
  MSE (Sampled x_B vs GT x_B): 0.0136969517916441
Pair 61: 
  MSE (Sampled Avg vs GT Avg): 0.0002763400552794
  MSE (Sampled x_A vs GT x_A): 0.0285366997122765
  MSE (Sampled x_B vs GT x_B): 0.0284256078302860
Pair 62: 
  MSE (Sampled Avg vs GT Avg): 0.0001713650271995
  MSE (Sampled x_A vs GT x_A): 0.0129877431318164
  MSE (Sampled x_B vs GT x_B): 0.0126447556540370
Pair 63: 
  MSE (Sampled Avg vs GT Avg): 0.0004866613890044
  MSE (Sampled x_A vs GT x_A): 0.0372244864702225
  MSE (Sampled x_B vs GT x_B): 0.0378280058503151
Pair 64: 
  MSE (Sampled Avg vs GT Avg): 0.0002510837512091
  MSE (Sampled x_A vs GT x_A): 0.0094229560345411
  MSE (Sampled x_B vs GT x_B): 0.0105703547596931
Pair 65: 
  MSE (Sampled Avg vs GT Avg): 0.0003482704923954
  MSE (Sampled x_A vs GT x_A): 0.0188500881195068
  MSE (Sampled x_B vs GT x_B): 0.0163150280714035
Pair 66: 
  MSE (Sampled Avg vs GT Avg): 0.0001627213496249
  MSE (Sampled x_A vs GT x_A): 0.0243571065366268
  MSE (Sampled x_B vs GT x_B): 0.0262002497911453
Pair 67: 
  MSE (Sampled Avg vs GT Avg): 0.0004275213868823
  MSE (Sampled x_A vs GT x_A): 0.0071132164448500
  MSE (Sampled x_B vs GT x_B): 0.0065369508229196
Pair 68: 
  MSE (Sampled Avg vs GT Avg): 0.0002002465043915
  MSE (Sampled x_A vs GT x_A): 0.0085774902254343
  MSE (Sampled x_B vs GT x_B): 0.0086783207952976
Pair 69: 
  MSE (Sampled Avg vs GT Avg): 0.0001809649693314
  MSE (Sampled x_A vs GT x_A): 0.0299449693411589
  MSE (Sampled x_B vs GT x_B): 0.0305975861847401
Pair 70: 
  MSE (Sampled Avg vs GT Avg): 0.0002606668276712
  MSE (Sampled x_A vs GT x_A): 0.0285038314759731
  MSE (Sampled x_B vs GT x_B): 0.0256482549011707
Pair 71: 
  MSE (Sampled Avg vs GT Avg): 0.0001984154805541
  MSE (Sampled x_A vs GT x_A): 0.0238045826554298
  MSE (Sampled x_B vs GT x_B): 0.0233954116702080
Pair 72: 
  MSE (Sampled Avg vs GT Avg): 0.0003523420018610
  MSE (Sampled x_A vs GT x_A): 0.0345208756625652
  MSE (Sampled x_B vs GT x_B): 0.0335909575223923
Pair 73: 
  MSE (Sampled Avg vs GT Avg): 0.0002916557714343
  MSE (Sampled x_A vs GT x_A): 0.0144211947917938
  MSE (Sampled x_B vs GT x_B): 0.0172061361372471
Pair 74: 
  MSE (Sampled Avg vs GT Avg): 0.0002282501518494
  MSE (Sampled x_A vs GT x_A): 0.0077252686023712
  MSE (Sampled x_B vs GT x_B): 0.0072831138968468
Pair 75: 
  MSE (Sampled Avg vs GT Avg): 0.0001850325352279
  MSE (Sampled x_A vs GT x_A): 0.0138260405510664
  MSE (Sampled x_B vs GT x_B): 0.0145352706313133
Pair 76: 
  MSE (Sampled Avg vs GT Avg): 0.0002460449468344
  MSE (Sampled x_A vs GT x_A): 0.0036574543919414
  MSE (Sampled x_B vs GT x_B): 0.0039061966817826
Pair 77: 
  MSE (Sampled Avg vs GT Avg): 0.0001484440581407
  MSE (Sampled x_A vs GT x_A): 0.0107219200581312
  MSE (Sampled x_B vs GT x_B): 0.0098015265539289
Pair 78: 
  MSE (Sampled Avg vs GT Avg): 0.0001964224211406
  MSE (Sampled x_A vs GT x_A): 0.0234143584966660
  MSE (Sampled x_B vs GT x_B): 0.0211103111505508
Pair 79: 
  MSE (Sampled Avg vs GT Avg): 0.0001122387329815
  MSE (Sampled x_A vs GT x_A): 0.0187122970819473
  MSE (Sampled x_B vs GT x_B): 0.0201839338988066
Pair 80: 
  MSE (Sampled Avg vs GT Avg): 0.0001928976853378
  MSE (Sampled x_A vs GT x_A): 0.0159162189811468
  MSE (Sampled x_B vs GT x_B): 0.0177039448171854
Pair 81: 
  MSE (Sampled Avg vs GT Avg): 0.0002223927731393
  MSE (Sampled x_A vs GT x_A): 0.0138496188446879
  MSE (Sampled x_B vs GT x_B): 0.0145740229636431
Pair 82: 
  MSE (Sampled Avg vs GT Avg): 0.0002687412488740
  MSE (Sampled x_A vs GT x_A): 0.0099419904872775
  MSE (Sampled x_B vs GT x_B): 0.0108835585415363
Pair 83: 
  MSE (Sampled Avg vs GT Avg): 0.0001475685567129
  MSE (Sampled x_A vs GT x_A): 0.0181151367723942
  MSE (Sampled x_B vs GT x_B): 0.0179363787174225
Pair 84: 
  MSE (Sampled Avg vs GT Avg): 0.0002564050955698
  MSE (Sampled x_A vs GT x_A): 0.0144614093005657
  MSE (Sampled x_B vs GT x_B): 0.0141696725040674
Pair 85: 
  MSE (Sampled Avg vs GT Avg): 0.0008279540343210
  MSE (Sampled x_A vs GT x_A): 0.0448391437530518
  MSE (Sampled x_B vs GT x_B): 0.0452215597033501
Pair 86: 
  MSE (Sampled Avg vs GT Avg): 0.0001666934695095
  MSE (Sampled x_A vs GT x_A): 0.0147034581750631
  MSE (Sampled x_B vs GT x_B): 0.0143634956330061
Pair 87: 
  MSE (Sampled Avg vs GT Avg): 0.0002635910641402
  MSE (Sampled x_A vs GT x_A): 0.0050782747566700
  MSE (Sampled x_B vs GT x_B): 0.0045502893626690
Pair 88: 
  MSE (Sampled Avg vs GT Avg): 0.0002916049852502
  MSE (Sampled x_A vs GT x_A): 0.0176002830266953
  MSE (Sampled x_B vs GT x_B): 0.0195033289492130
Pair 89: 
  MSE (Sampled Avg vs GT Avg): 0.0002683012862690
  MSE (Sampled x_A vs GT x_A): 0.0128614325076342
  MSE (Sampled x_B vs GT x_B): 0.0126360533758998
Pair 90: 
  MSE (Sampled Avg vs GT Avg): 0.0002524065494072
  MSE (Sampled x_A vs GT x_A): 0.0086904941126704
  MSE (Sampled x_B vs GT x_B): 0.0078071150928736
Pair 91: 
  MSE (Sampled Avg vs GT Avg): 0.0001229866757058
  MSE (Sampled x_A vs GT x_A): 0.0077274418435991
  MSE (Sampled x_B vs GT x_B): 0.0078838095068932
Pair 92: 
  MSE (Sampled Avg vs GT Avg): 0.0001420009211870
  MSE (Sampled x_A vs GT x_A): 0.0081432126462460
  MSE (Sampled x_B vs GT x_B): 0.0074868677183986
Pair 93: 
  MSE (Sampled Avg vs GT Avg): 0.0001111556339310
  MSE (Sampled x_A vs GT x_A): 0.0098423995077610
  MSE (Sampled x_B vs GT x_B): 0.0094967819750309
Pair 94: 
  MSE (Sampled Avg vs GT Avg): 0.0001873987202998
  MSE (Sampled x_A vs GT x_A): 0.0098535688593984
  MSE (Sampled x_B vs GT x_B): 0.0101228076964617
Pair 95: 
  MSE (Sampled Avg vs GT Avg): 0.0002339721395401
  MSE (Sampled x_A vs GT x_A): 0.0175376906991005
  MSE (Sampled x_B vs GT x_B): 0.0167855825275183
Pair 96: 
  MSE (Sampled Avg vs GT Avg): 0.0002654222480487
  MSE (Sampled x_A vs GT x_A): 0.0321775153279305
  MSE (Sampled x_B vs GT x_B): 0.0331405997276306
Pair 97: 
  MSE (Sampled Avg vs GT Avg): 0.0001102790047298
  MSE (Sampled x_A vs GT x_A): 0.0048094643279910
  MSE (Sampled x_B vs GT x_B): 0.0048912167549133
Pair 98: 
  MSE (Sampled Avg vs GT Avg): 0.0002087894536089
  MSE (Sampled x_A vs GT x_A): 0.0120517835021019
  MSE (Sampled x_B vs GT x_B): 0.0117700640112162
Pair 99: 
  MSE (Sampled Avg vs GT Avg): 0.0001889173581731
  MSE (Sampled x_A vs GT x_A): 0.0171459838747978
  MSE (Sampled x_B vs GT x_B): 0.0168244130909443
Pair 100: 
  MSE (Sampled Avg vs GT Avg): 0.0001714497047942
  MSE (Sampled x_A vs GT x_A): 0.0078003574162722
  MSE (Sampled x_B vs GT x_B): 0.0079765859991312
Pair 101: 
  MSE (Sampled Avg vs GT Avg): 0.0003866969782393
  MSE (Sampled x_A vs GT x_A): 0.0139956343919039
  MSE (Sampled x_B vs GT x_B): 0.0149557581171393
Pair 102: 
  MSE (Sampled Avg vs GT Avg): 0.0002487520105205
  MSE (Sampled x_A vs GT x_A): 0.0108168013393879
  MSE (Sampled x_B vs GT x_B): 0.0129110813140869
Pair 103: 
  MSE (Sampled Avg vs GT Avg): 0.0001521845697425
  MSE (Sampled x_A vs GT x_A): 0.0418276712298393
  MSE (Sampled x_B vs GT x_B): 0.0400634035468102
Pair 104: 
  MSE (Sampled Avg vs GT Avg): 0.0001756118144840
  MSE (Sampled x_A vs GT x_A): 0.0037155319005251
  MSE (Sampled x_B vs GT x_B): 0.0039988160133362
Pair 105: 
  MSE (Sampled Avg vs GT Avg): 0.0003132248821203
  MSE (Sampled x_A vs GT x_A): 0.0264643635600805
  MSE (Sampled x_B vs GT x_B): 0.0273457244038582
Pair 106: 
  MSE (Sampled Avg vs GT Avg): 0.0001756902056513
  MSE (Sampled x_A vs GT x_A): 0.0127381635829806
  MSE (Sampled x_B vs GT x_B): 0.0127232801169157
Pair 107: 
  MSE (Sampled Avg vs GT Avg): 0.0002057178353425
  MSE (Sampled x_A vs GT x_A): 0.0384974703192711
  MSE (Sampled x_B vs GT x_B): 0.0380082651972771
Pair 108: 
  MSE (Sampled Avg vs GT Avg): 0.0002143661549781
  MSE (Sampled x_A vs GT x_A): 0.0155433556064963
  MSE (Sampled x_B vs GT x_B): 0.0132836289703846
Pair 109: 
  MSE (Sampled Avg vs GT Avg): 0.0002087564207613
  MSE (Sampled x_A vs GT x_A): 0.0134495068341494
  MSE (Sampled x_B vs GT x_B): 0.0147875174880028
Pair 110: 
  MSE (Sampled Avg vs GT Avg): 0.0003409047494642
  MSE (Sampled x_A vs GT x_A): 0.0314300358295441
  MSE (Sampled x_B vs GT x_B): 0.0306804031133652
Pair 111: 
  MSE (Sampled Avg vs GT Avg): 0.0002449924068060
  MSE (Sampled x_A vs GT x_A): 0.0129276541993022
  MSE (Sampled x_B vs GT x_B): 0.0125402165576816
Pair 112: 
  MSE (Sampled Avg vs GT Avg): 0.0002234201820102
  MSE (Sampled x_A vs GT x_A): 0.0179260596632957
  MSE (Sampled x_B vs GT x_B): 0.0150572676211596
Pair 113: 
  MSE (Sampled Avg vs GT Avg): 0.0001405088842148
  MSE (Sampled x_A vs GT x_A): 0.0180982127785683
  MSE (Sampled x_B vs GT x_B): 0.0183976404368877
Pair 114: 
  MSE (Sampled Avg vs GT Avg): 0.0001880362397060
  MSE (Sampled x_A vs GT x_A): 0.0211964435875416
  MSE (Sampled x_B vs GT x_B): 0.0211701896041632
Pair 115: 
  MSE (Sampled Avg vs GT Avg): 0.0002828084398061
  MSE (Sampled x_A vs GT x_A): 0.0096461866050959
  MSE (Sampled x_B vs GT x_B): 0.0098504489287734
Pair 116: 
  MSE (Sampled Avg vs GT Avg): 0.0001460347993998
  MSE (Sampled x_A vs GT x_A): 0.0068623977713287
  MSE (Sampled x_B vs GT x_B): 0.0064449794590473
Pair 117: 
  MSE (Sampled Avg vs GT Avg): 0.0001696425460977
  MSE (Sampled x_A vs GT x_A): 0.0117123983800411
  MSE (Sampled x_B vs GT x_B): 0.0116992518305779
Pair 118: 
  MSE (Sampled Avg vs GT Avg): 0.0001913995220093
  MSE (Sampled x_A vs GT x_A): 0.0134720467031002
  MSE (Sampled x_B vs GT x_B): 0.0131627842783928
Pair 119: 
  MSE (Sampled Avg vs GT Avg): 0.0001364613708574
  MSE (Sampled x_A vs GT x_A): 0.0125215789303184
  MSE (Sampled x_B vs GT x_B): 0.0133945923298597
Pair 120: 
  MSE (Sampled Avg vs GT Avg): 0.0001582024124218
  MSE (Sampled x_A vs GT x_A): 0.0118709579110146
  MSE (Sampled x_B vs GT x_B): 0.0108338538557291
Pair 121: 
  MSE (Sampled Avg vs GT Avg): 0.0001592877379153
  MSE (Sampled x_A vs GT x_A): 0.0162876378744841
  MSE (Sampled x_B vs GT x_B): 0.0158753618597984
Pair 122: 
  MSE (Sampled Avg vs GT Avg): 0.0001976542116608
  MSE (Sampled x_A vs GT x_A): 0.0131524894386530
  MSE (Sampled x_B vs GT x_B): 0.0154389329254627
Pair 123: 
  MSE (Sampled Avg vs GT Avg): 0.0002407509455224
  MSE (Sampled x_A vs GT x_A): 0.0098280003294349
  MSE (Sampled x_B vs GT x_B): 0.0088110882788897
Pair 124: 
  MSE (Sampled Avg vs GT Avg): 0.0002563162124716
  MSE (Sampled x_A vs GT x_A): 0.0200574845075607
  MSE (Sampled x_B vs GT x_B): 0.0210485421121120
Pair 125: 
  MSE (Sampled Avg vs GT Avg): 0.0001861829950940
  MSE (Sampled x_A vs GT x_A): 0.0097130183130503
  MSE (Sampled x_B vs GT x_B): 0.0101446565240622
Pair 126: 
  MSE (Sampled Avg vs GT Avg): 0.0003000171564054
  MSE (Sampled x_A vs GT x_A): 0.0084195062518120
  MSE (Sampled x_B vs GT x_B): 0.0074607990682125
Pair 127: 
  MSE (Sampled Avg vs GT Avg): 0.0004234211519361
  MSE (Sampled x_A vs GT x_A): 0.0142131894826889
  MSE (Sampled x_B vs GT x_B): 0.0147856399416924

Saved MSE log to: results/dual_prediction_fixed/verification/tacos_mse_log.txt
Saved Image Grid (7 columns) to: results/dual_prediction_fixed/verification/tacos_step_verification.jpg
