Loading train dataset into memory: 7189 pairs...
Finished loading train dataset.
Loading test dataset into memory: 1000 pairs...
Finished loading test dataset.
Setting up [LPIPS] perceptual loss: trunk [alex], v[0.1], spatial [off]
Loading model from: /nas-ctm01/homes/dacordeiro/.conda/envs/demorph/lib/python3.10/site-packages/lpips/weights/v0.1/alex.pth
Loading test dataset into memory: 1000 pairs...
Finished loading test dataset.
Setting up [LPIPS] perceptual loss: trunk [alex], v[0.1], spatial [off]
Loading model from: /nas-ctm01/homes/dacordeiro/.conda/envs/demorph/lib/python3.10/site-packages/lpips/weights/v0.1/alex.pth
Setting up [LPIPS] perceptual loss: trunk [alex], v[0.1], spatial [off]
Loading model from: /nas-ctm01/homes/dacordeiro/.conda/envs/demorph/lib/python3.10/site-packages/lpips/weights/v0.1/alex.pth
--- Image 1 Metrics ---
SSIM: 0.6303
PSNR: 17.9827
LPIPS: 0.1529
Success Rate: 83.40%

--- Image 2 Metrics ---
SSIM: 0.6318
PSNR: 17.9700
LPIPS: 0.1567
Success Rate: 83.70%
[1;34mwandb[0m: 
[1;34mwandb[0m: 🚀 View run [33mdual_prediction[0m at: [34mhttps://wandb.ai/davcordeiro03-inesc-tec/demorph/runs/epirdh7y[0m
[1;34mwandb[0m: Find logs at: [1;35mwandb/run-20260308_195330-epirdh7y/logs[0m
