Size of train: 7189
Size of test: 1000
Setting up [LPIPS] perceptual loss: trunk [alex], v[0.1], spatial [off]
Loading model from: /nas-ctm01/homes/dacordeiro/.conda/envs/demorph/lib/python3.10/site-packages/lpips/weights/v0.1/alex.pth
Size of test: 1000
Setting up [LPIPS] perceptual loss: trunk [alex], v[0.1], spatial [off]
Loading model from: /nas-ctm01/homes/dacordeiro/.conda/envs/demorph/lib/python3.10/site-packages/lpips/weights/v0.1/alex.pth
Setting up [LPIPS] perceptual loss: trunk [alex], v[0.1], spatial [off]
Loading model from: /nas-ctm01/homes/dacordeiro/.conda/envs/demorph/lib/python3.10/site-packages/lpips/weights/v0.1/alex.pth

Metrics organized by original images:
SSIM Original: 0.6415108169350183
SSIM Added: 0.6455647082780248
PSNR Original: 18.422622791166145
PSNR Added: 18.4218424848933
LPIPS Original: 0.15237174928188324
LPIPS Added: 0.15280844271183014
Success Rate of Reversal (%S): 85.60%
Size of test: 1000
Setting up [LPIPS] perceptual loss: trunk [alex], v[0.1], spatial [off]
Loading model from: /nas-ctm01/homes/dacordeiro/.conda/envs/demorph/lib/python3.10/site-packages/lpips/weights/v0.1/alex.pth
Setting up [LPIPS] perceptual loss: trunk [alex], v[0.1], spatial [off]
Loading model from: /nas-ctm01/homes/dacordeiro/.conda/envs/demorph/lib/python3.10/site-packages/lpips/weights/v0.1/alex.pth

--- One-Shot Evaluation Metrics (First Batch) ---
SSIM Original: 0.6338
SSIM Added: 0.6396
PSNR Original: 18.3379
PSNR Added: 18.3349
LPIPS Original: 0.1572
LPIPS Added: 0.1584
Success Rate of Reversal (%S): 83.89%

[1;34mwandb[0m: 
[1;34mwandb[0m: 🚀 View run [33mbase_pit_loss[0m at: [34mhttps://wandb.ai/davcordeiro03-inesc-tec/demorph/runs/tf3cil5q[0m
[1;34mwandb[0m: Find logs at: [1;35mwandb/run-20260316_110734-tf3cil5q/logs[0m
