Size of train: 7189
Size of test: 1000
Setting up [LPIPS] perceptual loss: trunk [alex], v[0.1], spatial [off]
Loading model from: /nas-ctm01/homes/dacordeiro/.conda/envs/demorph/lib/python3.10/site-packages/lpips/weights/v0.1/alex.pth
Setting up [LPIPS] perceptual loss: trunk [alex], v[0.1], spatial [off]
Loading model from: /nas-ctm01/homes/dacordeiro/.conda/envs/demorph/lib/python3.10/site-packages/lpips/weights/v0.1/alex.pth
Size of test: 1000
Setting up [LPIPS] perceptual loss: trunk [alex], v[0.1], spatial [off]
Loading model from: /nas-ctm01/homes/dacordeiro/.conda/envs/demorph/lib/python3.10/site-packages/lpips/weights/v0.1/alex.pth
Setting up [LPIPS] perceptual loss: trunk [alex], v[0.1], spatial [off]
Loading model from: /nas-ctm01/homes/dacordeiro/.conda/envs/demorph/lib/python3.10/site-packages/lpips/weights/v0.1/alex.pth
--- Image 1 Metrics ---
SSIM: 0.6682
PSNR: 18.9480
LPIPS: 0.1160
Success Rate: 88.60%

--- Image 2 Metrics ---
SSIM: 0.6723
PSNR: 18.9461
LPIPS: 0.1168
Success Rate: 89.50%
[1;34mwandb[0m: 
[1;34mwandb[0m: 🚀 View run [33mdual_pred_lpips[0m at: [34mhttps://wandb.ai/davcordeiro03-inesc-tec/demorph/runs/acq5tzat[0m
[1;34mwandb[0m: Find logs at: [1;35mwandb/run-20260313_125513-acq5tzat/logs[0m
