Size of test: 1000
Setting up [LPIPS] perceptual loss: trunk [alex], v[0.1], spatial [off]
Loading model from: /nas-ctm01/homes/dacordeiro/.conda/envs/demorph/lib/python3.10/site-packages/lpips/weights/v0.1/alex.pth

Metrics organized by original images:
SSIM Original: 0.5842691875874482
SSIM Added: 0.5045364413796561
PSNR Original: 16.56128097272577
PSNR Added: 16.571542176517664
LPIPS Original: 0.18250137567520142
LPIPS Added: 0.21562789380550385
Success Rate of Reversal (%S): 45.50%
Size of test: 1000
Setting up [LPIPS] perceptual loss: trunk [alex], v[0.1], spatial [off]
Loading model from: /nas-ctm01/homes/dacordeiro/.conda/envs/demorph/lib/python3.10/site-packages/lpips/weights/v0.1/alex.pth

--- One-Shot Evaluation Metrics (First Batch) ---
SSIM Original: 0.6001
SSIM Added: 0.5495
PSNR Original: 16.9260
PSNR Added: 16.9282
LPIPS Original: 0.1763
LPIPS Added: 0.1843
Success Rate of Reversal (%S): 56.64%

