Size of train: 7189
Size of test: 1000
Setting up [LPIPS] perceptual loss: trunk [alex], v[0.1], spatial [off]
Loading model from: /nas-ctm01/homes/dacordeiro/.conda/envs/demorph/lib/python3.10/site-packages/lpips/weights/v0.1/alex.pth
Size of test: 1000
Setting up [LPIPS] perceptual loss: trunk [alex], v[0.1], spatial [off]
Loading model from: /nas-ctm01/homes/dacordeiro/.conda/envs/demorph/lib/python3.10/site-packages/lpips/weights/v0.1/alex.pth
Setting up [LPIPS] perceptual loss: trunk [alex], v[0.1], spatial [off]
Loading model from: /nas-ctm01/homes/dacordeiro/.conda/envs/demorph/lib/python3.10/site-packages/lpips/weights/v0.1/alex.pth

Metrics organized by original images:
SSIM Original: 0.5330222209768786
SSIM Added: 0.5385430845769481
PSNR Original: 16.127413298246584
PSNR Added: 16.13342523203105
LPIPS Original: 0.23724327981472015
LPIPS Added: 0.23535658419132233
Success Rate of Reversal (%S): 47.15%
Size of test: 1000
Setting up [LPIPS] perceptual loss: trunk [alex], v[0.1], spatial [off]
Loading model from: /nas-ctm01/homes/dacordeiro/.conda/envs/demorph/lib/python3.10/site-packages/lpips/weights/v0.1/alex.pth
Setting up [LPIPS] perceptual loss: trunk [alex], v[0.1], spatial [off]
Loading model from: /nas-ctm01/homes/dacordeiro/.conda/envs/demorph/lib/python3.10/site-packages/lpips/weights/v0.1/alex.pth

--- One-Shot Evaluation Metrics (First Batch) ---
SSIM Original: 0.6106
SSIM Added: 0.6158
PSNR Original: 17.5424
PSNR Added: 17.5481
LPIPS Original: 0.1714
LPIPS Added: 0.1732
Success Rate of Reversal (%S): 74.71%

[1;34mwandb[0m: 
[1;34mwandb[0m: 🚀 View run [33mdiff[0m at: [34mhttps://wandb.ai/davcordeiro03-inesc-tec/demorph/runs/cpk0bnyp[0m
[1;34mwandb[0m: Find logs at: [1;35mwandb/run-20260316_180126-cpk0bnyp/logs[0m
