/nas-ctm01/homes/dacordeiro/.conda/envs/demorph/lib/python3.10/site-packages/torchvision/models/_utils.py:208: UserWarning: The parameter 'pretrained' is deprecated since 0.13 and may be removed in the future, please use 'weights' instead.
  warnings.warn(
/nas-ctm01/homes/dacordeiro/.conda/envs/demorph/lib/python3.10/site-packages/torchvision/models/_utils.py:223: UserWarning: Arguments other than a weight enum or `None` for 'weights' are deprecated since 0.13 and may be removed in the future. The current behavior is equivalent to passing `weights=AlexNet_Weights.IMAGENET1K_V1`. You can also use `weights=AlexNet_Weights.DEFAULT` to get the most up-to-date weights.
  warnings.warn(msg)
/nas-ctm01/homes/dacordeiro/.conda/envs/demorph/lib/python3.10/site-packages/lpips/lpips.py:107: FutureWarning: You are using `torch.load` with `weights_only=False` (the current default value), which uses the default pickle module implicitly. It is possible to construct malicious pickle data which will execute arbitrary code during unpickling (See https://github.com/pytorch/pytorch/blob/main/SECURITY.md#untrusted-models for more details). In a future release, the default value for `weights_only` will be flipped to `True`. This limits the functions that could be executed during unpickling. Arbitrary objects will no longer be allowed to be loaded via this mode unless they are explicitly allowlisted by the user via `torch.serialization.add_safe_globals`. We recommend you start setting `weights_only=True` for any use case where you don't have full control of the loaded file. Please open an issue on GitHub for any issues related to this experimental feature.
  self.load_state_dict(torch.load(model_path, map_location='cpu'), strict=False)
wandb: [wandb.login()] Loaded credentials for https://api.wandb.ai from /nas-ctm01/homes/dacordeiro/.netrc.
wandb: Currently logged in as: davcordeiro03 (davcordeiro03-inesc-tec) to https://api.wandb.ai. Use `wandb login --relogin` to force relogin
wandb: setting up run oyzsxo1i
wandb: Tracking run with wandb version 0.25.0
wandb: Run data is saved locally in /nas-ctm01/homes/dacordeiro/msc-demorph/two-images/wandb/run-20260310_154757-oyzsxo1i
wandb: Run `wandb offline` to turn off syncing.
wandb: Syncing run dual_deg
wandb: ⭐️ View project at https://wandb.ai/davcordeiro03-inesc-tec/demorph
wandb: 🚀 View run at https://wandb.ai/davcordeiro03-inesc-tec/demorph/runs/oyzsxo1i
Traceback (most recent call last):
  File "/nas-ctm01/homes/dacordeiro/msc-demorph/two-images/train.py", line 363, in <module>
    launch()
  File "/nas-ctm01/homes/dacordeiro/msc-demorph/two-images/train.py", line 357, in launch
    train(args)
  File "/nas-ctm01/homes/dacordeiro/msc-demorph/two-images/train.py", line 190, in train
    sampled_A, sampled_B = diffusion.sample(model, superimposed, alpha_init=args.alpha_init)
  File "/nas-ctm01/homes/dacordeiro/msc-demorph/two-images/train.py", line 67, in sample
    lpips_B_straight = self.loss_fn_alex(pB_1, anchor_A) + self.loss_fn_alex(pB_2, anchor_B)
  File "/nas-ctm01/homes/dacordeiro/.conda/envs/demorph/lib/python3.10/site-packages/torch/nn/modules/module.py", line 1736, in _wrapped_call_impl
    return self._call_impl(*args, **kwargs)
  File "/nas-ctm01/homes/dacordeiro/.conda/envs/demorph/lib/python3.10/site-packages/torch/nn/modules/module.py", line 1747, in _call_impl
    return forward_call(*args, **kwargs)
  File "/nas-ctm01/homes/dacordeiro/.conda/envs/demorph/lib/python3.10/site-packages/lpips/lpips.py", line 123, in forward
    feats0[kk], feats1[kk] = lpips.normalize_tensor(outs0[kk]), lpips.normalize_tensor(outs1[kk])
  File "/nas-ctm01/homes/dacordeiro/.conda/envs/demorph/lib/python3.10/site-packages/lpips/__init__.py", line 14, in normalize_tensor
    norm_factor = torch.sqrt(torch.sum(in_feat**2,dim=1,keepdim=True))
RuntimeError: CUDA error: an illegal memory access was encountered
CUDA kernel errors might be asynchronously reported at some other API call, so the stacktrace below might be incorrect.
For debugging consider passing CUDA_LAUNCH_BLOCKING=1
Compile with `TORCH_USE_CUDA_DSA` to enable device-side assertions.

