Size of train: 7189
Size of test: 1000
Size of test: 1000
Setting up [LPIPS] perceptual loss: trunk [alex], v[0.1], spatial [off]
Loading model from: /nas-ctm01/homes/dacordeiro/.conda/envs/demorph/lib/python3.10/site-packages/lpips/weights/v0.1/alex.pth

Metrics organized by original images:
SSIM Original: 0.5290864560165821
SSIM Added: 0.5692243347313699
PSNR Original: 16.032846921547275
PSNR Added: 16.015987210194787
LPIPS Original: 0.21857962012290955
LPIPS Added: 0.19823333621025085
Success Rate of Reversal (%S): 47.10%
Size of test: 1000
Setting up [LPIPS] perceptual loss: trunk [alex], v[0.1], spatial [off]
Loading model from: /nas-ctm01/homes/dacordeiro/.conda/envs/demorph/lib/python3.10/site-packages/lpips/weights/v0.1/alex.pth

--- One-Shot Evaluation Metrics (First Batch) ---
SSIM Original: 0.5290
SSIM Added: 0.5541
PSNR Original: 15.9051
PSNR Added: 15.9043
LPIPS Original: 0.2018
LPIPS Added: 0.2003
Success Rate of Reversal (%S): 45.31%

[1;34mwandb[0m: 
[1;34mwandb[0m: 🚀 View run [33madded[0m at: [34mhttps://wandb.ai/davcordeiro03-inesc-tec/demorph/runs/b8vr6fez[0m
[1;34mwandb[0m: Find logs at: [1;35mwandb/run-20260309_195135-b8vr6fez/logs[0m
