Size of test: 1000
Setting up [LPIPS] perceptual loss: trunk [alex], v[0.1], spatial [off]
Loading model from: /nas-ctm01/homes/dacordeiro/.conda/envs/demorph/lib/python3.10/site-packages/lpips/weights/v0.1/alex.pth
Setting up [LPIPS] perceptual loss: trunk [alex], v[0.1], spatial [off]
Loading model from: /nas-ctm01/homes/dacordeiro/.conda/envs/demorph/lib/python3.10/site-packages/lpips/weights/v0.1/alex.pth
[eval batch 0] best_pred_A_oor=0.0000, best_pred_B_oor=0.0000, extracted_B_from_A_oor=0.0189, extracted_A_from_B_oor=0.0026
[eval batch 1] best_pred_A_oor=0.0000, best_pred_B_oor=0.0000, extracted_B_from_A_oor=0.0214, extracted_A_from_B_oor=0.0021
[eval batch 2] best_pred_A_oor=0.0000, best_pred_B_oor=0.0000, extracted_B_from_A_oor=0.0166, extracted_A_from_B_oor=0.0059
[eval batch 3] best_pred_A_oor=0.0000, best_pred_B_oor=0.0000, extracted_B_from_A_oor=0.0151, extracted_A_from_B_oor=0.0036
[eval batch 4] best_pred_A_oor=0.0000, best_pred_B_oor=0.0000, extracted_B_from_A_oor=0.0145, extracted_A_from_B_oor=0.0023
[eval batch 5] best_pred_A_oor=0.0000, best_pred_B_oor=0.0000, extracted_B_from_A_oor=0.0123, extracted_A_from_B_oor=0.0024
[eval batch 6] best_pred_A_oor=0.0000, best_pred_B_oor=0.0000, extracted_B_from_A_oor=0.0116, extracted_A_from_B_oor=0.0023
[eval batch 7] best_pred_A_oor=0.0000, best_pred_B_oor=0.0000, extracted_B_from_A_oor=0.0132, extracted_A_from_B_oor=0.0078
[eval batch 8] best_pred_A_oor=0.0000, best_pred_B_oor=0.0000, extracted_B_from_A_oor=0.0116, extracted_A_from_B_oor=0.0031
[eval batch 9] best_pred_A_oor=0.0000, best_pred_B_oor=0.0000, extracted_B_from_A_oor=0.0095, extracted_A_from_B_oor=0.0051
[eval batch 10] best_pred_A_oor=0.0000, best_pred_B_oor=0.0000, extracted_B_from_A_oor=0.0163, extracted_A_from_B_oor=0.0054
[eval batch 11] best_pred_A_oor=0.0000, best_pred_B_oor=0.0000, extracted_B_from_A_oor=0.0075, extracted_A_from_B_oor=0.0034
[eval batch 12] best_pred_A_oor=0.0000, best_pred_B_oor=0.0000, extracted_B_from_A_oor=0.0124, extracted_A_from_B_oor=0.0044
[eval batch 13] best_pred_A_oor=0.0000, best_pred_B_oor=0.0000, extracted_B_from_A_oor=0.0095, extracted_A_from_B_oor=0.0042
[eval batch 14] best_pred_A_oor=0.0000, best_pred_B_oor=0.0000, extracted_B_from_A_oor=0.0125, extracted_A_from_B_oor=0.0041
[eval batch 15] best_pred_A_oor=0.0000, best_pred_B_oor=0.0000, extracted_B_from_A_oor=0.0102, extracted_A_from_B_oor=0.0103
--- Image 1 Metrics ---
SSIM: 0.6467
PSNR: 18.4515
LPIPS: 0.1386
Success Rate: 88.20%

--- Image 2 Metrics ---
SSIM: 0.6491
PSNR: 18.4833
LPIPS: 0.1400
Success Rate: 87.80%
