Size of train: 7189
Size of test: 1000
Size of test: 1000
Setting up [LPIPS] perceptual loss: trunk [alex], v[0.1], spatial [off]
Loading model from: /nas-ctm01/homes/dacordeiro/.conda/envs/demorph/lib/python3.10/site-packages/lpips/weights/v0.1/alex.pth

Metrics organized by original images:
SSIM Original: 0.6130903315918104
SSIM Added: 0.5483684714409889
PSNR Original: 17.089558350174904
PSNR Added: 17.090594926485263
LPIPS Original: 0.1658097505569458
LPIPS Added: 0.18590255081653595
Success Rate of Reversal (%S): 57.45%
Size of test: 1000
Setting up [LPIPS] perceptual loss: trunk [alex], v[0.1], spatial [off]
Loading model from: /nas-ctm01/homes/dacordeiro/.conda/envs/demorph/lib/python3.10/site-packages/lpips/weights/v0.1/alex.pth

--- One-Shot Evaluation Metrics (First Batch) ---
SSIM Original: 0.5992
SSIM Added: 0.5631
PSNR Original: 17.0693
PSNR Added: 17.0713
LPIPS Original: 0.1802
LPIPS Added: 0.1744
Success Rate of Reversal (%S): 57.42%

[1;34mwandb[0m: 
[1;34mwandb[0m: 🚀 View run [33mema[0m at: [34mhttps://wandb.ai/davcordeiro03-inesc-tec/demorph/runs/nu9y3x5p[0m
[1;34mwandb[0m: Find logs at: [1;35mwandb/run-20260307_125005-nu9y3x5p/logs[0m
