Size of train: 7189
Size of test: 1000
Size of test: 1000
Setting up [LPIPS] perceptual loss: trunk [alex], v[0.1], spatial [off]
Loading model from: /nas-ctm01/homes/dacordeiro/.conda/envs/demorph/lib/python3.10/site-packages/lpips/weights/v0.1/alex.pth

Metrics organized by canonical image order:
SSIM Image1: 0.6079090405121934
SSIM Image2: 0.48134045055206554
PSNR Image1: 16.040768313690034
PSNR Image2: 16.04088651224461
LPIPS Image1: 0.165682477847673
LPIPS Image2: 0.2711703958660364
Success Rate of Reversal (%S): 50.65%

Size of test: 1000
Setting up [LPIPS] perceptual loss: trunk [alex], v[0.1], spatial [off]
Loading model from: /nas-ctm01/homes/dacordeiro/.conda/envs/demorph/lib/python3.10/site-packages/lpips/weights/v0.1/alex.pth

One-Shot Evaluation Metrics:
SSIM Image1: 0.5891994286129727
SSIM Image2: 0.49650152567525907
PSNR Image1: 15.975754801642399
PSNR Image2: 15.976384749246586
LPIPS Image1: 0.17397608832083641
LPIPS Image2: 0.2600400293003768
Success Rate of Reversal (%S): 47.70%

