Size of test: 1000
Setting up [LPIPS] perceptual loss: trunk [alex], v[0.1], spatial [off]
Loading model from: /nas-ctm01/homes/dacordeiro/.conda/envs/demorph/lib/python3.10/site-packages/lpips/weights/v0.1/alex.pth
Setting up [LPIPS] perceptual loss: trunk [alex], v[0.1], spatial [off]
Loading model from: /nas-ctm01/homes/dacordeiro/.conda/envs/demorph/lib/python3.10/site-packages/lpips/weights/v0.1/alex.pth
Saved one-shot batch 0 to samples/dual_prediction_fixed/one_shot/batch_0.jpg
Saved one-shot batch 1 to samples/dual_prediction_fixed/one_shot/batch_1.jpg
Saved one-shot batch 2 to samples/dual_prediction_fixed/one_shot/batch_2.jpg
Saved one-shot batch 3 to samples/dual_prediction_fixed/one_shot/batch_3.jpg
Saved one-shot batch 4 to samples/dual_prediction_fixed/one_shot/batch_4.jpg
Saved one-shot batch 5 to samples/dual_prediction_fixed/one_shot/batch_5.jpg
Saved one-shot batch 6 to samples/dual_prediction_fixed/one_shot/batch_6.jpg
Saved one-shot batch 7 to samples/dual_prediction_fixed/one_shot/batch_7.jpg

--- One-Shot Image 1 Metrics ---
SSIM: 0.7998
PSNR: 20.9823
LPIPS: 0.0599
Success Rate: 39.10%

--- One-Shot Image 2 Metrics ---
SSIM: 0.4197
PSNR: 14.6061
LPIPS: 0.2994
Success Rate: 97.50%
