Size of test: 1000
Setting up [LPIPS] perceptual loss: trunk [alex], v[0.1], spatial [off]
Loading model from: /nas-ctm01/homes/dacordeiro/.conda/envs/demorph/lib/python3.10/site-packages/lpips/weights/v0.1/alex.pth

Metrics organized by original images:
SSIM Original: 0.605801938912113
SSIM Added: 0.5491063830047983
PSNR Original: 17.09259410293799
PSNR Added: 17.0969224880715
LPIPS Original: 0.17182374
LPIPS Added: 0.1850196
Size of test: 1000
Setting up [LPIPS] perceptual loss: trunk [alex], v[0.1], spatial [off]
Loading model from: /nas-ctm01/homes/dacordeiro/.conda/envs/demorph/lib/python3.10/site-packages/lpips/weights/v0.1/alex.pth

--- One-Shot Evaluation Metrics (First Batch) ---
SSIM Original: 0.6001
SSIM Added: 0.5495
PSNR Original: 16.9260
PSNR Added: 16.9282
LPIPS Original: 0.1763
LPIPS Added: 0.1843
