Size of train: 7189
Size of test: 1000
Setting up [LPIPS] perceptual loss: trunk [alex], v[0.1], spatial [off]
Loading model from: /nas-ctm01/homes/dacordeiro/.conda/envs/demorph/lib/python3.10/site-packages/lpips/weights/v0.1/alex.pth
Size of test: 1000
Setting up [LPIPS] perceptual loss: trunk [alex], v[0.1], spatial [off]
Loading model from: /nas-ctm01/homes/dacordeiro/.conda/envs/demorph/lib/python3.10/site-packages/lpips/weights/v0.1/alex.pth
Setting up [LPIPS] perceptual loss: trunk [alex], v[0.1], spatial [off]
Loading model from: /nas-ctm01/homes/dacordeiro/.conda/envs/demorph/lib/python3.10/site-packages/lpips/weights/v0.1/alex.pth
--- Image 1 Metrics ---
SSIM: 0.6453
PSNR: 18.4349
LPIPS: 0.1397
Success Rate: 87.60%

--- Image 2 Metrics ---
SSIM: 0.6478
PSNR: 18.4801
LPIPS: 0.1405
Success Rate: 87.50%
[1;34mwandb[0m: 
[1;34mwandb[0m: 🚀 View run [33mdual_pred_noise[0m at: [34mhttps://wandb.ai/davcordeiro03-inesc-tec/demorph/runs/tgaj2rki[0m
[1;34mwandb[0m: Find logs at: [1;35mwandb/run-20260312_151157-tgaj2rki/logs[0m
