Size of train: 7189
Size of test: 1000
Setting up [LPIPS] perceptual loss: trunk [alex], v[0.1], spatial [off]
Loading model from: /nas-ctm01/homes/dacordeiro/.conda/envs/demorph/lib/python3.10/site-packages/lpips/weights/v0.1/alex.pth
Size of test: 1000
Setting up [LPIPS] perceptual loss: trunk [alex], v[0.1], spatial [off]
Loading model from: /nas-ctm01/homes/dacordeiro/.conda/envs/demorph/lib/python3.10/site-packages/lpips/weights/v0.1/alex.pth
Setting up [LPIPS] perceptual loss: trunk [alex], v[0.1], spatial [off]
Loading model from: /nas-ctm01/homes/dacordeiro/.conda/envs/demorph/lib/python3.10/site-packages/lpips/weights/v0.1/alex.pth
--- Image 1 Metrics ---
SSIM: 0.6127
PSNR: 17.4673
LPIPS: 0.1722
Success Rate: 75.50%

--- Image 2 Metrics ---
SSIM: 0.6104
PSNR: 17.4343
LPIPS: 0.1768
Success Rate: 74.20%
[1;34mwandb[0m: 
[1;34mwandb[0m: 🚀 View run [33mfull_interpolation[0m at: [34mhttps://wandb.ai/davcordeiro03-inesc-tec/demorph/runs/2vn07pzb[0m
[1;34mwandb[0m: Find logs at: [1;35mwandb/run-20260304_174148-2vn07pzb/logs[0m
